<?xml version="1.0" encoding="UTF-8"?>
<robot generator="Robot 7.1.1 (Python 3.13.1 on win32)" generated="2025-01-10T18:53:29.312082" rpa="false" schemaversion="5">
<suite id="s1" name="Artikel" source="C:\Users\yashi\PycharmProjects\higo-web-automation\test\feature\artikel.robot">
<test id="s1-t1" name="Scenario : user see list artikel by filter HIGO updates on Blog Page" line="12">
<kw name="Given user open browser go to Blog Page" owner="artikel_page">
<kw name="Open Browser" owner="SeleniumLibrary">
<msg time="2025-01-10T18:53:30.119084" level="INFO">Opening browser 'Chrome' to base url 'https://higo.id'.</msg>
<arg>${based_url}</arg>
<arg>${chrome_browser}</arg>
<doc>Opens a new browser instance to the optional ``url``.</doc>
<status status="PASS" start="2025-01-10T18:53:30.118534" elapsed="10.531357"/>
</kw>
<kw name="Wait Until Element Is Visible" owner="SeleniumLibrary">
<arg>${BUTTON_CLOSE}</arg>
<doc>Waits until the element ``locator`` is visible.</doc>
<status status="PASS" start="2025-01-10T18:53:40.650343" elapsed="0.041435"/>
</kw>
<kw name="Click Element" owner="SeleniumLibrary">
<msg time="2025-01-10T18:53:40.692666" level="INFO">Clicking element '//button[contains(@class, 'absolute right-4 top-4')]'.</msg>
<arg>${BUTTON_CLOSE}</arg>
<doc>Click the element identified by ``locator``.</doc>
<status status="PASS" start="2025-01-10T18:53:40.692179" elapsed="0.134599"/>
</kw>
<kw name="Go To" owner="SeleniumLibrary">
<msg time="2025-01-10T18:53:40.828162" level="INFO">Opening url 'https://blog.higo.id/'</msg>
<arg>${blog_url}</arg>
<doc>Navigates the current browser window to the provided ``url``.</doc>
<status status="PASS" start="2025-01-10T18:53:40.827401" elapsed="1.628021"/>
</kw>
<status status="PASS" start="2025-01-10T18:53:30.117083" elapsed="12.338861"/>
</kw>
<kw name="When user click button filter by Higoes Update on Blog Page" owner="artikel_page">
<kw name="Wait Until Element Is Visible" owner="SeleniumLibrary">
<msg time="2025-01-10T18:53:42.710665" level="INFO">Suppressing StaleElementReferenceException from Selenium.</msg>
<arg>${LABEL_FILTER_BY_HIGO}</arg>
<doc>Waits until the element ``locator`` is visible.</doc>
<status status="PASS" start="2025-01-10T18:53:42.458002" elapsed="0.481791"/>
</kw>
<kw name="Click Element" owner="SeleniumLibrary">
<msg time="2025-01-10T18:53:42.940685" level="INFO">Clicking element '//div[text()='HIGOes Update']'.</msg>
<arg>${LABEL_FILTER_BY_HIGO}</arg>
<doc>Click the element identified by ``locator``.</doc>
<status status="PASS" start="2025-01-10T18:53:42.940190" elapsed="0.125714"/>
</kw>
<status status="PASS" start="2025-01-10T18:53:42.456811" elapsed="0.609414"/>
</kw>
<kw name="Then user should see result filter by Higoes Update on Blog Page" owner="artikel_page">
<for flavor="IN">
<iter>
<kw name="Element Should Be Visible" owner="SeleniumLibrary">
<msg time="2025-01-10T18:53:43.091497" level="INFO">Element '//div[text()='HIGOes Update']' is displayed.</msg>
<arg>${FILTER_BY_HIGO}</arg>
<doc>Verifies that the element identified by ``locator`` is visible.</doc>
<status status="PASS" start="2025-01-10T18:53:43.068466" elapsed="0.023304"/>
</kw>
<var name="${FILTER_BY_HIGO}">//div[text()='HIGOes Update']</var>
<status status="PASS" start="2025-01-10T18:53:43.068150" elapsed="0.023792"/>
</iter>
<var>${FILTER_BY_HIGO}</var>
<value>@{list_filter_by_HIGO}</value>
<status status="PASS" start="2025-01-10T18:53:43.067743" elapsed="0.024389"/>
</for>
<status status="PASS" start="2025-01-10T18:53:43.067086" elapsed="0.025282"/>
</kw>
<status status="PASS" start="2025-01-10T18:53:30.115469" elapsed="12.977171"/>
</test>
<status status="PASS" start="2025-01-10T18:53:29.356119" elapsed="13.737712"/>
</suite>
<statistics>
<total>
<stat pass="1" fail="0" skip="0">All Tests</stat>
</total>
<tag>
</tag>
<suite>
<stat pass="1" fail="0" skip="0" id="s1" name="Artikel">Artikel</stat>
</suite>
</statistics>
<errors>
</errors>
</robot>
